<?xml version="1.0" encoding="UTF-8"?>
<!-- Generated by org.testng.reporters.JUnitReportReporter -->
<testsuite hostname="DESKTOP-CCPG5IB" failures="0" tests="2" name="Selenium.Mvnrepository" time="47.375" errors="0" timestamp="2024-03-20T15:17:06 IST" skipped="0">
  <testcase classname="Selenium.Mvnrepository" name="OpenBrowser" time="42.517"/>
  <system-out/>
  <testcase classname="Selenium.Mvnrepository" name="Serch_Element" time="4.858"/>
  <system-out/>
</testsuite> <!-- Selenium.Mvnrepository -->
